[0421/212008.822:ERROR:process_memory_win.cc(73)] ReadMemory at 0x7ff7bafc0000 of 64 bytes failed: Only part of a ReadProcessMemory or WriteProcessMemory request was completed. (0x12B)
[0421/212009.166:WARNING:pe_image_reader.cc(340)] could not read dos header from C:\Program Files (x86)\Google\Chrome\Application\chrome.exe
[0421/212009.167:ERROR:process_memory_win.cc(73)] ReadMemory at 0x7ffe70a40000 of 64 bytes failed: Only part of a ReadProcessMemory or WriteProcessMemory request was completed. (0x12B)
[0421/212009.167:WARNING:pe_image_reader.cc(340)] could not read dos header from C:\WINDOWS\SYSTEM32\ntdll.dll
[0421/212009.167:ERROR:process_memory_win.cc(73)] ReadMemory at 0x7ffe6ff10000 of 64 bytes failed: Only part of a ReadProcessMemory or WriteProcessMemory request was completed. (0x12B)
[0421/212009.239:WARNING:pe_image_reader.cc(340)] could not read dos header from C:\WINDOWS\System32\KERNEL32.DLL
[0421/212009.239:ERROR:process_memory_win.cc(73)] ReadMemory at 0x7ffe6e610000 of 64 bytes failed: Only part of a ReadProcessMemory or WriteProcessMemory request was completed. (0x12B)
[0421/212009.239:WARNING:pe_image_reader.cc(340)] could not read dos header from C:\WINDOWS\System32\KERNELBASE.dll
[0421/212009.239:ERROR:process_memory_win.cc(73)] ReadMemory at 0x7ffe57e60000 of 64 bytes failed: Only part of a ReadProcessMemory or WriteProcessMemory request was completed. (0x12B)
[0421/212009.239:WARNING:pe_image_reader.cc(340)] could not read dos header from C:\Program Files (x86)\Google\Chrome\Application\80.0.3987.163\chrome_elf.dll
[0421/212009.239:ERROR:process_memory_win.cc(73)] ReadMemory at 0x7ffe66470000 of 64 bytes failed: Only part of a ReadProcessMemory or WriteProcessMemory request was completed. (0x12B)
[0421/212009.239:WARNING:pe_image_reader.cc(340)] could not read dos header from C:\WINDOWS\SYSTEM32\VERSION.dll
[0421/212009.239:ERROR:process_memory_win.cc(73)] ReadMemory at 0x7ffe70810000 of 64 bytes failed: Only part of a ReadProcessMemory or WriteProcessMemory request was completed. (0x12B)
[0421/212009.239:WARNING:pe_image_reader.cc(340)] could not read dos header from C:\WINDOWS\System32\msvcrt.dll
[0421/212009.239:ERROR:process_memory_win.cc(73)] ReadMemory at 0x7ffe6da00000 of 64 bytes failed: Only part of a ReadProcessMemory or WriteProcessMemory request was completed. (0x12B)
[0421/212009.239:WARNING:pe_image_reader.cc(340)] could not read dos header from C:\WINDOWS\System32\bcryptPrimitives.dll
[0421/212009.239:ERROR:process_memory_win.cc(73)] ReadMemory at 0x7ffe706c0000 of 64 bytes failed: Only part of a ReadProcessMemory or WriteProcessMemory request was completed. (0x12B)
[0421/212009.239:WARNING:pe_image_reader.cc(340)] could not read dos header from C:\WINDOWS\System32\ADVAPI32.dll
[0421/212009.239:ERROR:process_memory_win.cc(73)] ReadMemory at 0x7ffe701b0000 of 64 bytes failed: Only part of a ReadProcessMemory or WriteProcessMemory request was completed. (0x12B)
[0421/212009.239:WARNING:pe_image_reader.cc(340)] could not read dos header from C:\WINDOWS\System32\sechost.dll
[0421/212009.239:ERROR:process_memory_win.cc(73)] ReadMemory at 0x7ffe70250000 of 64 bytes failed: Only part of a ReadProcessMemory or WriteProcessMemory request was completed. (0x12B)
[0421/212009.240:WARNING:pe_image_reader.cc(340)] could not read dos header from C:\WINDOWS\System32\RPCRT4.dll
[0421/212009.240:ERROR:process_memory_win.cc(73)] ReadMemory at 0x7ffe01730000 of 64 bytes failed: Only part of a ReadProcessMemory or WriteProcessMemory request was completed. (0x12B)
[0421/212009.240:WARNING:pe_image_reader.cc(340)] could not read dos header from C:\Program Files (x86)\Google\Chrome\Application\80.0.3987.163\chrome.dll
[0421/212009.240:ERROR:process_memory_win.cc(73)] ReadMemory at 0x7ffe707a0000 of 64 bytes failed: Only part of a ReadProcessMemory or WriteProcessMemory request was completed. (0x12B)
[0421/212009.240:WARNING:pe_image_reader.cc(340)] could not read dos header from C:\WINDOWS\System32\WS2_32.dll
[0421/212009.240:ERROR:process_memory_win.cc(73)] ReadMemory at 0x1f587620000 of 64 bytes failed: Only part of a ReadProcessMemory or WriteProcessMemory request was completed. (0x12B)
[0421/212009.240:WARNING:pe_image_reader.cc(340)] could not read dos header from C:\WINDOWS\System32\OLEAUT32.dll
[0421/212009.240:ERROR:process_memory_win.cc(73)] ReadMemory at 0x7ffe6e570000 of 64 bytes failed: Only part of a ReadProcessMemory or WriteProcessMemory request was completed. (0x12B)
[0421/212009.240:WARNING:pe_image_reader.cc(340)] could not read dos header from C:\WINDOWS\System32\msvcp_win.dll
[0421/212009.240:ERROR:process_memory_win.cc(73)] ReadMemory at 0x7ffe6e320000 of 64 bytes failed: Only part of a ReadProcessMemory or WriteProcessMemory request was completed. (0x12B)
[0421/212009.240:WARNING:pe_image_reader.cc(340)] could not read dos header from C:\WINDOWS\System32\ucrtbase.dll
[0421/212009.240:ERROR:process_memory_win.cc(73)] ReadMemory at 0x7ffe6fae0000 of 64 bytes failed: Only part of a ReadProcessMemory or WriteProcessMemory request was completed. (0x12B)
[0421/212009.240:WARNING:pe_image_reader.cc(340)] could not read dos header from C:\WINDOWS\System32\combase.dll
[0421/212009.240:ERROR:process_memory_win.cc(73)] ReadMemory at 0x7ffe6ea90000 of 64 bytes failed: Only part of a ReadProcessMemory or WriteProcessMemory request was completed. (0x12B)
[0421/212009.240:WARNING:pe_image_reader.cc(340)] could not read dos header from C:\WINDOWS\System32\WINTRUST.dll
[0421/212009.240:ERROR:process_memory_win.cc(73)] ReadMemory at 0x7ffe6d9b0000 of 64 bytes failed: Only part of a ReadProcessMemory or WriteProcessMemory request was completed. (0x12B)
[0421/212009.240:WARNING:pe_image_reader.cc(340)] could not read dos header from C:\WINDOWS\System32\MSASN1.dll
[0421/212009.240:ERROR:process_memory_win.cc(73)] ReadMemory at 0x7ffe6e420000 of 64 bytes failed: Only part of a ReadProcessMemory or WriteProcessMemory request was completed. (0x12B)
[0421/212009.241:WARNING:pe_image_reader.cc(340)] could not read dos header from C:\WINDOWS\System32\CRYPT32.dll
[0421/212009.241:ERROR:process_memory_win.cc(73)] ReadMemory at 0x7ffe6ce20000 of 64 bytes failed: Only part of a ReadProcessMemory or WriteProcessMemory request was completed. (0x12B)
[0421/212009.241:WARNING:pe_image_reader.cc(340)] could not read dos header from C:\WINDOWS\SYSTEM32\IPHLPAPI.DLL
[0421/212009.241:ERROR:process_memory_win.cc(73)] ReadMemory at 0x7ffe6b9b0000 of 64 bytes failed: Only part of a ReadProcessMemory or WriteProcessMemory request was completed. (0x12B)
[0421/212009.241:WARNING:pe_image_reader.cc(340)] could not read dos header from C:\WINDOWS\SYSTEM32\WINMM.dll
[0421/212009.241:ERROR:process_memory_win.cc(73)] ReadMemory at 0x7ffe5a2b0000 of 64 bytes failed: Only part of a ReadProcessMemory or WriteProcessMemory request was completed. (0x12B)
[0421/212009.241:WARNING:pe_image_reader.cc(340)] could not read dos header from C:\WINDOWS\SYSTEM32\Secur32.dll
[0421/212009.241:ERROR:process_memory_win.cc(73)] ReadMemory at 0x7ffe6d7f0000 of 64 bytes failed: Only part of a ReadProcessMemory or WriteProcessMemory request was completed. (0x12B)
[0421/212009.241:WARNING:pe_image_reader.cc(340)] could not read dos header from C:\WINDOWS\SYSTEM32\USERENV.dll
[0421/212009.241:ERROR:process_memory_win.cc(73)] ReadMemory at 0x7ffe6d980000 of 64 bytes failed: Only part of a ReadProcessMemory or WriteProcessMemory request was completed. (0x12B)
[0421/212009.241:WARNING:pe_image_reader.cc(340)] could not read dos header from C:\WINDOWS\System32\profapi.dll
[0421/212009.241:ERROR:process_memory_win.cc(73)] ReadMemory at 0x7ffe3c9d0000 of 64 bytes failed: Only part of a ReadProcessMemory or WriteProcessMemory request was completed. (0x12B)
[0421/212009.241:WARNING:pe_image_reader.cc(340)] could not read dos header from C:\WINDOWS\SYSTEM32\UIAutomationCore.DLL
[0421/212009.241:ERROR:process_memory_win.cc(73)] ReadMemory at 0x7ffe60d90000 of 64 bytes failed: Only part of a ReadProcessMemory or WriteProcessMemory request was completed. (0x12B)
[0421/212009.241:WARNING:pe_image_reader.cc(340)] could not read dos header from C:\WINDOWS\SYSTEM32\DWrite.dll
[0421/212009.241:ERROR:process_memory_win.cc(73)] ReadMemory at 0x7ffe5ef40000 of 64 bytes failed: Only part of a ReadProcessMemory or WriteProcessMemory request was completed. (0x12B)
[0421/212009.241:WARNING:pe_image_reader.cc(340)] could not read dos header from C:\WINDOWS\SYSTEM32\WINSPOOL.DRV
[0421/212009.241:ERROR:process_memory_win.cc(73)] ReadMemory at 0x7ffe6d910000 of 64 bytes failed: Only part of a ReadProcessMemory or WriteProcessMemory request was completed. (0x12B)
[0421/212009.242:WARNING:pe_image_reader.cc(340)] could not read dos header from C:\WINDOWS\System32\kernel.appcore.dll
[0421/212009.242:ERROR:process_memory_win.cc(73)] ReadMemory at 0x7ffe6e8c0000 of 64 bytes failed: Only part of a ReadProcessMemory or WriteProcessMemory request was completed. (0x12B)
[0421/212009.242:WARNING:pe_image_reader.cc(340)] could not read dos header from C:\WINDOWS\System32\bcrypt.dll
[0421/212009.242:ERROR:process_memory_win.cc(73)] ReadMemory at 0x7ffe559d0000 of 64 bytes failed: Only part of a ReadProcessMemory or WriteProcessMemory request was completed. (0x12B)
[0421/212009.242:WARNING:pe_image_reader.cc(340)] could not read dos header from C:\WINDOWS\SYSTEM32\dbghelp.dll
[0421/212009.242:ERROR:process_memory_win.cc(73)] ReadMemory at 0x7ffe694b0000 of 64 bytes failed: Only part of a ReadProcessMemory or WriteProcessMemory request was completed. (0x12B)
[0421/212009.242:WARNING:pe_image_reader.cc(340)] could not read dos header from C:\WINDOWS\SYSTEM32\WINHTTP.dll
[0421/212009.242:ERROR:process_memory_win.cc(73)] ReadMemory at 0x7ffe67c50000 of 64 bytes failed: Only part of a ReadProcessMemory or WriteProcessMemory request was completed. (0x12B)
[0421/212009.242:WARNING:pe_image_reader.cc(340)] could not read dos header from C:\WINDOWS\SYSTEM32\dhcpcsvc.DLL
[0421/212009.242:ERROR:process_memory_win.cc(73)] ReadMemory at 0x7ffe6ec00000 of 64 bytes failed: Only part of a ReadProcessMemory or WriteProcessMemory request was completed. (0x12B)
[0421/212009.242:WARNING:pe_image_reader.cc(340)] could not read dos header from C:\WINDOWS\System32\NSI.dll
[0421/212009.242:ERROR:process_memory_win.cc(73)] ReadMemory at 0x7ffe6b980000 of 64 bytes failed: Only part of a ReadProcessMemory or WriteProcessMemory request was completed. (0x12B)
[0421/212009.242:WARNING:pe_image_reader.cc(340)] could not read dos header from C:\WINDOWS\SYSTEM32\WINMMBASE.dll
[0421/212009.242:ERROR:process_memory_win.cc(73)] ReadMemory at 0x7ffe6daa0000 of 64 bytes failed: Only part of a ReadProcessMemory or WriteProcessMemory request was completed. (0x12B)
[0421/212009.242:WARNING:pe_image_reader.cc(340)] could not read dos header from C:\WINDOWS\System32\cfgmgr32.dll
[0421/212009.242:ERROR:process_memory_win.cc(73)] ReadMemory at 0x7ffe69d20000 of 64 bytes failed: Only part of a ReadProcessMemory or WriteProcessMemory request was completed. (0x12B)
[0421/212009.243:WARNING:pe_image_reader.cc(340)] could not read dos header from C:\WINDOWS\SYSTEM32\PROPSYS.dll
[0421/212009.243:ERROR:process_memory_win.cc(73)] ReadMemory at 0x7ffe70100000 of 64 bytes failed: Only part of a ReadProcessMemory or WriteProcessMemory request was completed. (0x12B)
[0421/212009.243:WARNING:pe_image_reader.cc(340)] could not read dos header from C:\WINDOWS\System32\shcore.dll
[0421/212009.243:ERROR:process_memory_win.cc(73)] ReadMemory at 0x7ffe6d820000 of 64 bytes failed: Only part of a ReadProcessMemory or WriteProcessMemory request was completed. (0x12B)
[0421/212009.243:WARNING:pe_image_reader.cc(340)] could not read dos header from C:\WINDOWS\SYSTEM32\SSPICLI.DLL
[0421/212009.243:ERROR:process_memory_win.cc(73)] ReadMemory at 0x7ffe6d2e0000 of 64 bytes failed: Only part of a ReadProcessMemory or WriteProcessMemory request was completed. (0x12B)
[0421/212009.243:WARNING:pe_image_reader.cc(340)] could not read dos header from C:\WINDOWS\SYSTEM32\CRYPTBASE.DLL
[0421/212009.243:ERROR:process_memory_win.cc(73)] ReadMemory at 0x7ff7bafc0000 of 64 bytes failed: Only part of a ReadProcessMemory or WriteProcessMemory request was completed. (0x12B)
[0421/212009.243:WARNING:pe_image_reader.cc(340)] could not read dos header from C:\Program Files (x86)\Google\Chrome\Application\chrome.exe
[0421/212009.243:ERROR:process_memory_win.cc(73)] ReadMemory at 0x7ffe70a40000 of 64 bytes failed: Only part of a ReadProcessMemory or WriteProcessMemory request was completed. (0x12B)
[0421/212009.243:WARNING:pe_image_reader.cc(340)] could not read dos header from C:\WINDOWS\SYSTEM32\ntdll.dll
[0421/212009.243:ERROR:process_memory_win.cc(73)] ReadMemory at 0x7ffe6ff10000 of 64 bytes failed: Only part of a ReadProcessMemory or WriteProcessMemory request was completed. (0x12B)
[0421/212009.243:WARNING:pe_image_reader.cc(340)] could not read dos header from C:\WINDOWS\System32\KERNEL32.DLL
[0421/212009.243:ERROR:process_memory_win.cc(73)] ReadMemory at 0x7ffe6e610000 of 64 bytes failed: Only part of a ReadProcessMemory or WriteProcessMemory request was completed. (0x12B)
[0421/212009.243:WARNING:pe_image_reader.cc(340)] could not read dos header from C:\WINDOWS\System32\KERNELBASE.dll
[0421/212009.243:ERROR:process_memory_win.cc(73)] ReadMemory at 0x7ffe57e60000 of 64 bytes failed: Only part of a ReadProcessMemory or WriteProcessMemory request was completed. (0x12B)
[0421/212009.243:WARNING:pe_image_reader.cc(340)] could not read dos header from C:\Program Files (x86)\Google\Chrome\Application\80.0.3987.163\chrome_elf.dll
[0421/212009.243:ERROR:process_memory_win.cc(73)] ReadMemory at 0x7ffe66470000 of 64 bytes failed: Only part of a ReadProcessMemory or WriteProcessMemory request was completed. (0x12B)
[0421/212009.243:WARNING:pe_image_reader.cc(340)] could not read dos header from C:\WINDOWS\SYSTEM32\VERSION.dll
[0421/212009.243:ERROR:process_memory_win.cc(73)] ReadMemory at 0x7ffe70810000 of 64 bytes failed: Only part of a ReadProcessMemory or WriteProcessMemory request was completed. (0x12B)
[0421/212009.244:WARNING:pe_image_reader.cc(340)] could not read dos header from C:\WINDOWS\System32\msvcrt.dll
[0421/212009.244:ERROR:process_memory_win.cc(73)] ReadMemory at 0x7ffe6da00000 of 64 bytes failed: Only part of a ReadProcessMemory or WriteProcessMemory request was completed. (0x12B)
[0421/212009.244:WARNING:pe_image_reader.cc(340)] could not read dos header from C:\WINDOWS\System32\bcryptPrimitives.dll
[0421/212009.244:ERROR:process_memory_win.cc(73)] ReadMemory at 0x7ffe706c0000 of 64 bytes failed: Only part of a ReadProcessMemory or WriteProcessMemory request was completed. (0x12B)
[0421/212009.244:WARNING:pe_image_reader.cc(340)] could not read dos header from C:\WINDOWS\System32\ADVAPI32.dll
[0421/212009.244:ERROR:process_memory_win.cc(73)] ReadMemory at 0x7ffe701b0000 of 64 bytes failed: Only part of a ReadProcessMemory or WriteProcessMemory request was completed. (0x12B)
[0421/212009.244:WARNING:pe_image_reader.cc(340)] could not read dos header from C:\WINDOWS\System32\sechost.dll
[0421/212009.244:ERROR:process_memory_win.cc(73)] ReadMemory at 0x7ffe70250000 of 64 bytes failed: Only part of a ReadProcessMemory or WriteProcessMemory request was completed. (0x12B)
[0421/212009.244:WARNING:pe_image_reader.cc(340)] could not read dos header from C:\WINDOWS\System32\RPCRT4.dll
[0421/212009.244:ERROR:process_memory_win.cc(73)] ReadMemory at 0x7ffe01730000 of 64 bytes failed: Only part of a ReadProcessMemory or WriteProcessMemory request was completed. (0x12B)
[0421/212009.244:WARNING:pe_image_reader.cc(340)] could not read dos header from C:\Program Files (x86)\Google\Chrome\Application\80.0.3987.163\chrome.dll
[0421/212009.244:ERROR:process_memory_win.cc(73)] ReadMemory at 0x7ffe707a0000 of 64 bytes failed: Only part of a ReadProcessMemory or WriteProcessMemory request was completed. (0x12B)
[0421/212009.244:WARNING:pe_image_reader.cc(340)] could not read dos header from C:\WINDOWS\System32\WS2_32.dll
[0421/212009.244:ERROR:process_memory_win.cc(73)] ReadMemory at 0x1f587620000 of 64 bytes failed: Only part of a ReadProcessMemory or WriteProcessMemory request was completed. (0x12B)
[0421/212009.244:WARNING:pe_image_reader.cc(340)] could not read dos header from C:\WINDOWS\System32\OLEAUT32.dll
[0421/212009.244:ERROR:process_memory_win.cc(73)] ReadMemory at 0x7ffe6e570000 of 64 bytes failed: Only part of a ReadProcessMemory or WriteProcessMemory request was completed. (0x12B)
[0421/212009.244:WARNING:pe_image_reader.cc(340)] could not read dos header from C:\WINDOWS\System32\msvcp_win.dll
[0421/212009.244:ERROR:process_memory_win.cc(73)] ReadMemory at 0x7ffe6e320000 of 64 bytes failed: Only part of a ReadProcessMemory or WriteProcessMemory request was completed. (0x12B)
[0421/212009.244:WARNING:pe_image_reader.cc(340)] could not read dos header from C:\WINDOWS\System32\ucrtbase.dll
[0421/212009.245:ERROR:process_memory_win.cc(73)] ReadMemory at 0x7ffe6fae0000 of 64 bytes failed: Only part of a ReadProcessMemory or WriteProcessMemory request was completed. (0x12B)
[0421/212009.245:WARNING:pe_image_reader.cc(340)] could not read dos header from C:\WINDOWS\System32\combase.dll
[0421/212009.245:ERROR:process_memory_win.cc(73)] ReadMemory at 0x7ffe6ea90000 of 64 bytes failed: Only part of a ReadProcessMemory or WriteProcessMemory request was completed. (0x12B)
[0421/212009.245:WARNING:pe_image_reader.cc(340)] could not read dos header from C:\WINDOWS\System32\WINTRUST.dll
[0421/212009.245:ERROR:process_memory_win.cc(73)] ReadMemory at 0x7ffe6d9b0000 of 64 bytes failed: Only part of a ReadProcessMemory or WriteProcessMemory request was completed. (0x12B)
[0421/212009.245:WARNING:pe_image_reader.cc(340)] could not read dos header from C:\WINDOWS\System32\MSASN1.dll
[0421/212009.245:ERROR:process_memory_win.cc(73)] ReadMemory at 0x7ffe6e420000 of 64 bytes failed: Only part of a ReadProcessMemory or WriteProcessMemory request was completed. (0x12B)
[0421/212009.245:WARNING:pe_image_reader.cc(340)] could not read dos header from C:\WINDOWS\System32\CRYPT32.dll
[0421/212009.245:ERROR:process_memory_win.cc(73)] ReadMemory at 0x7ffe6ce20000 of 64 bytes failed: Only part of a ReadProcessMemory or WriteProcessMemory request was completed. (0x12B)
[0421/212009.245:WARNING:pe_image_reader.cc(340)] could not read dos header from C:\WINDOWS\SYSTEM32\IPHLPAPI.DLL
[0421/212009.245:ERROR:process_memory_win.cc(73)] ReadMemory at 0x7ffe6b9b0000 of 64 bytes failed: Only part of a ReadProcessMemory or WriteProcessMemory request was completed. (0x12B)
[0421/212009.245:WARNING:pe_image_reader.cc(340)] could not read dos header from C:\WINDOWS\SYSTEM32\WINMM.dll
[0421/212009.245:ERROR:process_memory_win.cc(73)] ReadMemory at 0x7ffe5a2b0000 of 64 bytes failed: Only part of a ReadProcessMemory or WriteProcessMemory request was completed. (0x12B)
[0421/212009.245:WARNING:pe_image_reader.cc(340)] could not read dos header from C:\WINDOWS\SYSTEM32\Secur32.dll
[0421/212009.245:ERROR:process_memory_win.cc(73)] ReadMemory at 0x7ffe6d7f0000 of 64 bytes failed: Only part of a ReadProcessMemory or WriteProcessMemory request was completed. (0x12B)
[0421/212009.245:WARNING:pe_image_reader.cc(340)] could not read dos header from C:\WINDOWS\SYSTEM32\USERENV.dll
[0421/212009.245:ERROR:process_memory_win.cc(73)] ReadMemory at 0x7ffe6d980000 of 64 bytes failed: Only part of a ReadProcessMemory or WriteProcessMemory request was completed. (0x12B)
[0421/212009.245:WARNING:pe_image_reader.cc(340)] could not read dos header from C:\WINDOWS\System32\profapi.dll
[0421/212009.245:ERROR:process_memory_win.cc(73)] ReadMemory at 0x7ffe3c9d0000 of 64 bytes failed: Only part of a ReadProcessMemory or WriteProcessMemory request was completed. (0x12B)
[0421/212009.246:WARNING:pe_image_reader.cc(340)] could not read dos header from C:\WINDOWS\SYSTEM32\UIAutomationCore.DLL
[0421/212009.246:ERROR:process_memory_win.cc(73)] ReadMemory at 0x7ffe60d90000 of 64 bytes failed: Only part of a ReadProcessMemory or WriteProcessMemory request was completed. (0x12B)
[0421/212009.246:WARNING:pe_image_reader.cc(340)] could not read dos header from C:\WINDOWS\SYSTEM32\DWrite.dll
[0421/212009.246:ERROR:process_memory_win.cc(73)] ReadMemory at 0x7ffe5ef40000 of 64 bytes failed: Only part of a ReadProcessMemory or WriteProcessMemory request was completed. (0x12B)
[0421/212009.246:WARNING:pe_image_reader.cc(340)] could not read dos header from C:\WINDOWS\SYSTEM32\WINSPOOL.DRV
[0421/212009.246:ERROR:process_memory_win.cc(73)] ReadMemory at 0x7ffe6d910000 of 64 bytes failed: Only part of a ReadProcessMemory or WriteProcessMemory request was completed. (0x12B)
[0421/212009.246:WARNING:pe_image_reader.cc(340)] could not read dos header from C:\WINDOWS\System32\kernel.appcore.dll
[0421/212009.246:ERROR:process_memory_win.cc(73)] ReadMemory at 0x7ffe6e8c0000 of 64 bytes failed: Only part of a ReadProcessMemory or WriteProcessMemory request was completed. (0x12B)
[0421/212009.246:WARNING:pe_image_reader.cc(340)] could not read dos header from C:\WINDOWS\System32\bcrypt.dll
[0421/212009.246:ERROR:process_memory_win.cc(73)] ReadMemory at 0x7ffe559d0000 of 64 bytes failed: Only part of a ReadProcessMemory or WriteProcessMemory request was completed. (0x12B)
[0421/212009.246:WARNING:pe_image_reader.cc(340)] could not read dos header from C:\WINDOWS\SYSTEM32\dbghelp.dll
[0421/212009.246:ERROR:process_memory_win.cc(73)] ReadMemory at 0x7ffe694b0000 of 64 bytes failed: Only part of a ReadProcessMemory or WriteProcessMemory request was completed. (0x12B)
[0421/212009.246:WARNING:pe_image_reader.cc(340)] could not read dos header from C:\WINDOWS\SYSTEM32\WINHTTP.dll
[0421/212009.246:ERROR:process_memory_win.cc(73)] ReadMemory at 0x7ffe67c50000 of 64 bytes failed: Only part of a ReadProcessMemory or WriteProcessMemory request was completed. (0x12B)
[0421/212009.246:WARNING:pe_image_reader.cc(340)] could not read dos header from C:\WINDOWS\SYSTEM32\dhcpcsvc.DLL
[0421/212009.246:ERROR:process_memory_win.cc(73)] ReadMemory at 0x7ffe6ec00000 of 64 bytes failed: Only part of a ReadProcessMemory or WriteProcessMemory request was completed. (0x12B)
[0421/212009.246:WARNING:pe_image_reader.cc(340)] could not read dos header from C:\WINDOWS\System32\NSI.dll
[0421/212009.246:ERROR:process_memory_win.cc(73)] ReadMemory at 0x7ffe6b980000 of 64 bytes failed: Only part of a ReadProcessMemory or WriteProcessMemory request was completed. (0x12B)
[0421/212009.246:WARNING:pe_image_reader.cc(340)] could not read dos header from C:\WINDOWS\SYSTEM32\WINMMBASE.dll
[0421/212009.247:ERROR:process_memory_win.cc(73)] ReadMemory at 0x7ffe6daa0000 of 64 bytes failed: Only part of a ReadProcessMemory or WriteProcessMemory request was completed. (0x12B)
[0421/212009.247:WARNING:pe_image_reader.cc(340)] could not read dos header from C:\WINDOWS\System32\cfgmgr32.dll
[0421/212009.247:ERROR:process_memory_win.cc(73)] ReadMemory at 0x7ffe69d20000 of 64 bytes failed: Only part of a ReadProcessMemory or WriteProcessMemory request was completed. (0x12B)
[0421/212009.247:WARNING:pe_image_reader.cc(340)] could not read dos header from C:\WINDOWS\SYSTEM32\PROPSYS.dll
[0421/212009.247:ERROR:process_memory_win.cc(73)] ReadMemory at 0x7ffe70100000 of 64 bytes failed: Only part of a ReadProcessMemory or WriteProcessMemory request was completed. (0x12B)
[0421/212009.247:WARNING:pe_image_reader.cc(340)] could not read dos header from C:\WINDOWS\System32\shcore.dll
[0421/212009.247:ERROR:process_memory_win.cc(73)] ReadMemory at 0x7ffe6d820000 of 64 bytes failed: Only part of a ReadProcessMemory or WriteProcessMemory request was completed. (0x12B)
[0421/212009.247:WARNING:pe_image_reader.cc(340)] could not read dos header from C:\WINDOWS\SYSTEM32\SSPICLI.DLL
[0421/212009.247:ERROR:process_memory_win.cc(73)] ReadMemory at 0x7ffe6d2e0000 of 64 bytes failed: Only part of a ReadProcessMemory or WriteProcessMemory request was completed. (0x12B)
[0421/212009.247:WARNING:pe_image_reader.cc(340)] could not read dos header from C:\WINDOWS\SYSTEM32\CRYPTBASE.DLL
[0421/212009.269:ERROR:process_memory_win.cc(73)] ReadMemory at 0xbf2abed000 of 77824 bytes failed: Only part of a ReadProcessMemory or WriteProcessMemory request was completed. (0x12B)
[0421/212009.269:ERROR:process_memory_win.cc(73)] ReadMemory at 0xbf2b3fd000 of 12288 bytes failed: Only part of a ReadProcessMemory or WriteProcessMemory request was completed. (0x12B)
[0421/212009.269:ERROR:process_memory_win.cc(73)] ReadMemory at 0xbf2c3fd000 of 12288 bytes failed: Only part of a ReadProcessMemory or WriteProcessMemory request was completed. (0x12B)
[0421/212009.269:ERROR:process_memory_win.cc(73)] ReadMemory at 0xbf2cbfc000 of 16384 bytes failed: Only part of a ReadProcessMemory or WriteProcessMemory request was completed. (0x12B)
[0421/212009.269:ERROR:process_memory_win.cc(73)] ReadMemory at 0xbf2d3fe000 of 8192 bytes failed: Only part of a ReadProcessMemory or WriteProcessMemory request was completed. (0x12B)
[0421/212009.269:ERROR:process_memory_win.cc(73)] ReadMemory at 0xbf2dbfd000 of 12288 bytes failed: Only part of a ReadProcessMemory or WriteProcessMemory request was completed. (0x12B)
[0421/212009.269:ERROR:process_memory_win.cc(73)] ReadMemory at 0xbf2e3fb000 of 20480 bytes failed: Only part of a ReadProcessMemory or WriteProcessMemory request was completed. (0x12B)
[0421/212009.269:ERROR:process_memory_win.cc(73)] ReadMemory at 0xbf2f3fd000 of 12288 bytes failed: Only part of a ReadProcessMemory or WriteProcessMemory request was completed. (0x12B)
[0421/212009.269:ERROR:process_memory_win.cc(73)] ReadMemory at 0xbf2fbf5000 of 45056 bytes failed: Only part of a ReadProcessMemory or WriteProcessMemory request was completed. (0x12B)
[0421/212009.270:ERROR:process_memory_win.cc(73)] ReadMemory at 0xbf303f5000 of 45056 bytes failed: Only part of a ReadProcessMemory or WriteProcessMemory request was completed. (0x12B)
[0421/212009.270:ERROR:process_memory_win.cc(73)] ReadMemory at 0xbf30bfc000 of 16384 bytes failed: Only part of a ReadProcessMemory or WriteProcessMemory request was completed. (0x12B)
[0421/212009.270:ERROR:process_memory_win.cc(73)] ReadMemory at 0xbf2bbfd000 of 12288 bytes failed: Only part of a ReadProcessMemory or WriteProcessMemory request was completed. (0x12B)
[0421/212009.270:ERROR:process_memory_win.cc(73)] ReadMemory at 0xbf313f6000 of 40960 bytes failed: Only part of a ReadProcessMemory or WriteProcessMemory request was completed. (0x12B)
[0421/212009.270:ERROR:process_memory_win.cc(73)] ReadMemory at 0xbf2ebfe000 of 8192 bytes failed: Only part of a ReadProcessMemory or WriteProcessMemory request was completed. (0x12B)
[0421/212009.294:ERROR:process_memory_win.cc(73)] ReadMemory at 0xbf2a2ba000 of 6024 bytes failed: Only part of a ReadProcessMemory or WriteProcessMemory request was completed. (0x12B)
[0421/212009.294:ERROR:process_memory_win.cc(73)] ReadMemory at 0xbf2a2c2000 of 6024 bytes failed: Only part of a ReadProcessMemory or WriteProcessMemory request was completed. (0x12B)
[0421/212009.294:ERROR:process_memory_win.cc(73)] ReadMemory at 0xbf2a3b0000 of 852 bytes failed: Only part of a ReadProcessMemory or WriteProcessMemory request was completed. (0x12B)
[0421/212009.294:ERROR:process_memory_win.cc(73)] ReadMemory at 0xbf2a3b1000 of 6024 bytes failed: Only part of a ReadProcessMemory or WriteProcessMemory request was completed. (0x12B)
[0421/212009.294:ERROR:process_memory_win.cc(73)] ReadMemory at 0xbf2a3b3000 of 6024 bytes failed: Only part of a ReadProcessMemory or WriteProcessMemory request was completed. (0x12B)
[0421/212009.294:ERROR:process_memory_win.cc(73)] ReadMemory at 0xbf2a3b7000 of 6024 bytes failed: Only part of a ReadProcessMemory or WriteProcessMemory request was completed. (0x12B)
[0421/212009.294:ERROR:process_memory_win.cc(73)] ReadMemory at 0xbf2a3b9000 of 6024 bytes failed: Only part of a ReadProcessMemory or WriteProcessMemory request was completed. (0x12B)
[0421/212009.294:ERROR:process_memory_win.cc(73)] ReadMemory at 0xbf2a3bb000 of 6024 bytes failed: Only part of a ReadProcessMemory or WriteProcessMemory request was completed. (0x12B)
[0421/212009.295:ERROR:process_memory_win.cc(73)] ReadMemory at 0xbf2a3bd000 of 6024 bytes failed: Only part of a ReadProcessMemory or WriteProcessMemory request was completed. (0x12B)
[0421/212009.295:ERROR:process_memory_win.cc(73)] ReadMemory at 0xbf2a3bf000 of 6024 bytes failed: Only part of a ReadProcessMemory or WriteProcessMemory request was completed. (0x12B)
[0421/212009.295:ERROR:process_memory_win.cc(73)] ReadMemory at 0xbf2a3c3000 of 6024 bytes failed: Only part of a ReadProcessMemory or WriteProcessMemory request was completed. (0x12B)
[0421/212009.295:ERROR:process_memory_win.cc(73)] ReadMemory at 0xbf2a3c5000 of 6024 bytes failed: Only part of a ReadProcessMemory or WriteProcessMemory request was completed. (0x12B)
[0421/212009.295:ERROR:process_memory_win.cc(73)] ReadMemory at 0xbf2a3c7000 of 6024 bytes failed: Only part of a ReadProcessMemory or WriteProcessMemory request was completed. (0x12B)
[0421/212009.295:ERROR:process_memory_win.cc(73)] ReadMemory at 0xbf2a3c9000 of 6024 bytes failed: Only part of a ReadProcessMemory or WriteProcessMemory request was completed. (0x12B)
[0421/212009.295:ERROR:process_memory_win.cc(73)] ReadMemory at 0xbf2a3d1000 of 6024 bytes failed: Only part of a ReadProcessMemory or WriteProcessMemory request was completed. (0x12B)
[0421/212009.295:ERROR:process_memory_win.cc(73)] ReadMemory at 0x1f587230fe0 of 16210 bytes failed: Only part of a ReadProcessMemory or WriteProcessMemory request was completed. (0x12B)
[0421/212009.295:ERROR:process_memory_win.cc(73)] ReadMemory at 0x1f587234f40 of 1012 bytes failed: Only part of a ReadProcessMemory or WriteProcessMemory request was completed. (0x12B)
[0421/212009.295:ERROR:process_memory_win.cc(73)] ReadMemory at 0x1f587235588 of 118 bytes failed: Only part of a ReadProcessMemory or WriteProcessMemory request was completed. (0x12B)
[0421/212009.296:ERROR:process_memory_win.cc(73)] ReadMemory at 0x1f587235600 of 834 bytes failed: Only part of a ReadProcessMemory or WriteProcessMemory request was completed. (0x12B)
[0421/212009.296:ERROR:process_memory_win.cc(73)] ReadMemory at 0x1f587235944 of 118 bytes failed: Only part of a ReadProcessMemory or WriteProcessMemory request was completed. (0x12B)
[0421/212009.296:ERROR:process_memory_win.cc(73)] ReadMemory at 0x1f5872359bc of 100 bytes failed: Only part of a ReadProcessMemory or WriteProcessMemory request was completed. (0x12B)
[0421/212009.296:ERROR:process_memory_win.cc(73)] ReadMemory at 0x1f587235a30 of 58 bytes failed: Only part of a ReadProcessMemory or WriteProcessMemory request was completed. (0x12B)
[0421/212009.296:ERROR:process_memory_win.cc(73)] ReadMemory at 0x1f587235b30 of 132 bytes failed: Only part of a ReadProcessMemory or WriteProcessMemory request was completed. (0x12B)
[0421/212009.296:ERROR:process_memory_win.cc(73)] ReadMemory at 0x1f587235cc0 of 132 bytes failed: Only part of a ReadProcessMemory or WriteProcessMemory request was completed. (0x12B)
[0421/212009.296:ERROR:process_memory_win.cc(73)] ReadMemory at 0x1f587235e80 of 126 bytes failed: Only part of a ReadProcessMemory or WriteProcessMemory request was completed. (0x12B)
[0421/212009.296:ERROR:process_memory_win.cc(73)] ReadMemory at 0x1f587236260 of 132 bytes failed: Only part of a ReadProcessMemory or WriteProcessMemory request was completed. (0x12B)
[0421/212009.296:ERROR:process_memory_win.cc(73)] ReadMemory at 0x1f5872363f0 of 64 bytes failed: Only part of a ReadProcessMemory or WriteProcessMemory request was completed. (0x12B)
[0421/212009.296:ERROR:process_memory_win.cc(73)] ReadMemory at 0x1f587236440 of 132 bytes failed: Only part of a ReadProcessMemory or WriteProcessMemory request was completed. (0x12B)
[0421/212009.296:ERROR:process_memory_win.cc(73)] ReadMemory at 0x1f5872365b0 of 132 bytes failed: Only part of a ReadProcessMemory or WriteProcessMemory request was completed. (0x12B)
[0421/212009.296:ERROR:process_memory_win.cc(73)] ReadMemory at 0x1f587236850 of 132 bytes failed: Only part of a ReadProcessMemory or WriteProcessMemory request was completed. (0x12B)
[0421/212009.296:ERROR:process_memory_win.cc(73)] ReadMemory at 0x1f5872369e0 of 68 bytes failed: Only part of a ReadProcessMemory or WriteProcessMemory request was completed. (0x12B)
[0421/212009.296:ERROR:process_memory_win.cc(73)] ReadMemory at 0x1f587237ad0 of 132 bytes failed: Only part of a ReadProcessMemory or WriteProcessMemory request was completed. (0x12B)
[0421/212009.297:ERROR:process_memory_win.cc(73)] ReadMemory at 0x1f587237c60 of 154 bytes failed: Only part of a ReadProcessMemory or WriteProcessMemory request was completed. (0x12B)
[0421/212009.297:ERROR:process_memory_win.cc(73)] ReadMemory at 0x1f587238a70 of 62 bytes failed: Only part of a ReadProcessMemory or WriteProcessMemory request was completed. (0x12B)
[0421/212009.297:ERROR:process_memory_win.cc(73)] ReadMemory at 0x1f587238af0 of 146 bytes failed: Only part of a ReadProcessMemory or WriteProcessMemory request was completed. (0x12B)
[0421/212009.297:ERROR:process_memory_win.cc(73)] ReadMemory at 0x1f587238bd0 of 132 bytes failed: Only part of a ReadProcessMemory or WriteProcessMemory request was completed. (0x12B)
[0421/212009.297:ERROR:process_memory_win.cc(73)] ReadMemory at 0x1f587238d60 of 60 bytes failed: Only part of a ReadProcessMemory or WriteProcessMemory request was completed. (0x12B)
[0421/212009.297:ERROR:process_memory_win.cc(73)] ReadMemory at 0x1f587239990 of 132 bytes failed: Only part of a ReadProcessMemory or WriteProcessMemory request was completed. (0x12B)
[0421/212009.297:ERROR:process_memory_win.cc(73)] ReadMemory at 0x1f587239ce0 of 132 bytes failed: Only part of a ReadProcessMemory or WriteProcessMemory request was completed. (0x12B)
[0421/212009.297:ERROR:process_memory_win.cc(73)] ReadMemory at 0x1f587239f00 of 132 bytes failed: Only part of a ReadProcessMemory or WriteProcessMemory request was completed. (0x12B)
[0421/212009.308:ERROR:process_memory_win.cc(73)] ReadMemory at 0x1f58723a120 of 132 bytes failed: Only part of a ReadProcessMemory or WriteProcessMemory request was completed. (0x12B)
[0421/212009.308:ERROR:process_memory_win.cc(73)] ReadMemory at 0x1f58723a480 of 132 bytes failed: Only part of a ReadProcessMemory or WriteProcessMemory request was completed. (0x12B)
[0421/212009.308:ERROR:process_memory_win.cc(73)] ReadMemory at 0x1f58723cb80 of 132 bytes failed: Only part of a ReadProcessMemory or WriteProcessMemory request was completed. (0x12B)
[0421/212009.308:ERROR:process_memory_win.cc(73)] ReadMemory at 0x1f58723d0c0 of 80 bytes failed: Only part of a ReadProcessMemory or WriteProcessMemory request was completed. (0x12B)
[0421/212009.308:ERROR:process_memory_win.cc(73)] ReadMemory at 0x1f58723d9b0 of 62 bytes failed: Only part of a ReadProcessMemory or WriteProcessMemory request was completed. (0x12B)
[0421/212009.308:ERROR:process_memory_win.cc(73)] ReadMemory at 0x1f58723da50 of 64 bytes failed: Only part of a ReadProcessMemory or WriteProcessMemory request was completed. (0x12B)
[0421/212009.308:ERROR:process_memory_win.cc(73)] ReadMemory at 0x1f58723daf0 of 62 bytes failed: Only part of a ReadProcessMemory or WriteProcessMemory request was completed. (0x12B)
[0421/212009.308:ERROR:process_memory_win.cc(73)] ReadMemory at 0x1f58723dd70 of 60 bytes failed: Only part of a ReadProcessMemory or WriteProcessMemory request was completed. (0x12B)
[0421/212009.308:ERROR:process_memory_win.cc(73)] ReadMemory at 0x1f58723de60 of 64 bytes failed: Only part of a ReadProcessMemory or WriteProcessMemory request was completed. (0x12B)
[0421/212009.308:ERROR:process_memory_win.cc(73)] ReadMemory at 0x1f58723deb0 of 66 bytes failed: Only part of a ReadProcessMemory or WriteProcessMemory request was completed. (0x12B)
[0421/212009.308:ERROR:process_memory_win.cc(73)] ReadMemory at 0x1f58723df00 of 64 bytes failed: Only part of a ReadProcessMemory or WriteProcessMemory request was completed. (0x12B)
[0421/212009.308:ERROR:process_memory_win.cc(73)] ReadMemory at 0x1f58723df50 of 64 bytes failed: Only part of a ReadProcessMemory or WriteProcessMemory request was completed. (0x12B)
[0421/212009.309:ERROR:process_memory_win.cc(73)] ReadMemory at 0x1f58723dfa0 of 60 bytes failed: Only part of a ReadProcessMemory or WriteProcessMemory request was completed. (0x12B)
[0421/212009.309:ERROR:process_memory_win.cc(73)] ReadMemory at 0x1f58723e1c0 of 132 bytes failed: Only part of a ReadProcessMemory or WriteProcessMemory request was completed. (0x12B)
[0421/212009.309:ERROR:process_memory_win.cc(73)] ReadMemory at 0x1f58723e680 of 132 bytes failed: Only part of a ReadProcessMemory or WriteProcessMemory request was completed. (0x12B)
[0421/212009.309:ERROR:process_memory_win.cc(73)] ReadMemory at 0x1f58723e8e0 of 132 bytes failed: Only part of a ReadProcessMemory or WriteProcessMemory request was completed. (0x12B)
[0421/212009.309:ERROR:process_memory_win.cc(73)] ReadMemory at 0x1f58723eb40 of 132 bytes failed: Only part of a ReadProcessMemory or WriteProcessMemory request was completed. (0x12B)
[0421/212009.309:ERROR:process_memory_win.cc(73)] ReadMemory at 0x1f58723ec70 of 132 bytes failed: Only part of a ReadProcessMemory or WriteProcessMemory request was completed. (0x12B)
[0421/212009.309:ERROR:process_memory_win.cc(73)] ReadMemory at 0x1f58723eda0 of 132 bytes failed: Only part of a ReadProcessMemory or WriteProcessMemory request was completed. (0x12B)
[0421/212009.309:ERROR:process_memory_win.cc(73)] ReadMemory at 0x1f58723eed0 of 132 bytes failed: Only part of a ReadProcessMemory or WriteProcessMemory request was completed. (0x12B)
[0421/212009.309:ERROR:process_memory_win.cc(73)] ReadMemory at 0x1f58723f000 of 132 bytes failed: Only part of a ReadProcessMemory or WriteProcessMemory request was completed. (0x12B)
[0421/212009.309:ERROR:process_memory_win.cc(73)] ReadMemory at 0x1f58723f130 of 132 bytes failed: Only part of a ReadProcessMemory or WriteProcessMemory request was completed. (0x12B)
[0421/212009.309:ERROR:process_memory_win.cc(73)] ReadMemory at 0x1f58723f260 of 132 bytes failed: Only part of a ReadProcessMemory or WriteProcessMemory request was completed. (0x12B)
[0421/212009.309:ERROR:process_memory_win.cc(73)] ReadMemory at 0x1f58723f5f0 of 132 bytes failed: Only part of a ReadProcessMemory or WriteProcessMemory request was completed. (0x12B)
[0421/212009.309:ERROR:process_memory_win.cc(73)] ReadMemory at 0x1f58723f850 of 132 bytes failed: Only part of a ReadProcessMemory or WriteProcessMemory request was completed. (0x12B)
[0421/212009.309:ERROR:process_memory_win.cc(73)] ReadMemory at 0x1f58723f980 of 132 bytes failed: Only part of a ReadProcessMemory or WriteProcessMemory request was completed. (0x12B)
[0421/212009.309:ERROR:process_memory_win.cc(73)] ReadMemory at 0x1f58723fab0 of 132 bytes failed: Only part of a ReadProcessMemory or WriteProcessMemory request was completed. (0x12B)
[0421/212009.310:ERROR:process_memory_win.cc(73)] ReadMemory at 0x1f58723fd10 of 132 bytes failed: Only part of a ReadProcessMemory or WriteProcessMemory request was completed. (0x12B)
[0421/212009.310:ERROR:process_memory_win.cc(73)] ReadMemory at 0x1f58723fe40 of 132 bytes failed: Only part of a ReadProcessMemory or WriteProcessMemory request was completed. (0x12B)
[0421/212009.310:ERROR:process_memory_win.cc(73)] ReadMemory at 0x1f58723ff70 of 132 bytes failed: Only part of a ReadProcessMemory or WriteProcessMemory request was completed. (0x12B)
[0421/212009.382:ERROR:process_memory_win.cc(73)] ReadMemory at 0x1f5872403e0 of 132 bytes failed: Only part of a ReadProcessMemory or WriteProcessMemory request was completed. (0x12B)
[0421/212009.434:ERROR:process_memory_win.cc(73)] ReadMemory at 0x1f587240640 of 132 bytes failed: Only part of a ReadProcessMemory or WriteProcessMemory request was completed. (0x12B)
[0421/212009.434:ERROR:process_memory_win.cc(73)] ReadMemory at 0x1f587240770 of 132 bytes failed: Only part of a ReadProcessMemory or WriteProcessMemory request was completed. (0x12B)
[0421/212009.434:ERROR:process_memory_win.cc(73)] ReadMemory at 0x1f5872408a0 of 132 bytes failed: Only part of a ReadProcessMemory or WriteProcessMemory request was completed. (0x12B)
[0421/212009.434:ERROR:process_memory_win.cc(73)] ReadMemory at 0x1f5872409d0 of 132 bytes failed: Only part of a ReadProcessMemory or WriteProcessMemory request was completed. (0x12B)
[0421/212009.434:ERROR:process_memory_win.cc(73)] ReadMemory at 0x1f5872429e0 of 80 bytes failed: Only part of a ReadProcessMemory or WriteProcessMemory request was completed. (0x12B)
[0421/212009.434:ERROR:process_memory_win.cc(73)] ReadMemory at 0x1f587242aa0 of 76 bytes failed: Only part of a ReadProcessMemory or WriteProcessMemory request was completed. (0x12B)
[0421/212009.434:ERROR:process_memory_win.cc(73)] ReadMemory at 0x1f5872440e0 of 132 bytes failed: Only part of a ReadProcessMemory or WriteProcessMemory request was completed. (0x12B)
[0421/212009.434:ERROR:process_memory_win.cc(73)] ReadMemory at 0x1f587244c90 of 54 bytes failed: Only part of a ReadProcessMemory or WriteProcessMemory request was completed. (0x12B)
[0421/212009.434:ERROR:process_memory_win.cc(73)] ReadMemory at 0x1f587245930 of 58 bytes failed: Only part of a ReadProcessMemory or WriteProcessMemory request was completed. (0x12B)
[0421/212009.434:ERROR:process_memory_win.cc(73)] ReadMemory at 0x1f587245980 of 60 bytes failed: Only part of a ReadProcessMemory or WriteProcessMemory request was completed. (0x12B)
[0421/212009.434:ERROR:process_memory_win.cc(73)] ReadMemory at 0x1f587245d90 of 60 bytes failed: Only part of a ReadProcessMemory or WriteProcessMemory request was completed. (0x12B)
[0421/212009.434:ERROR:process_memory_win.cc(73)] ReadMemory at 0x1f587245ed0 of 64 bytes failed: Only part of a ReadProcessMemory or WriteProcessMemory request was completed. (0x12B)
[0421/212009.435:ERROR:process_memory_win.cc(73)] ReadMemory at 0x1f587245f20 of 62 bytes failed: Only part of a ReadProcessMemory or WriteProcessMemory request was completed. (0x12B)
[0421/212009.435:ERROR:process_memory_win.cc(73)] ReadMemory at 0x1f587245fc0 of 62 bytes failed: Only part of a ReadProcessMemory or WriteProcessMemory request was completed. (0x12B)
[0421/212009.435:ERROR:process_memory_win.cc(73)] ReadMemory at 0x1f587246010 of 62 bytes failed: Only part of a ReadProcessMemory or WriteProcessMemory request was completed. (0x12B)
[0421/212009.435:ERROR:process_memory_win.cc(73)] ReadMemory at 0x1f5872460b0 of 64 bytes failed: Only part of a ReadProcessMemory or WriteProcessMemory request was completed. (0x12B)
[0421/212009.435:ERROR:process_memory_win.cc(73)] ReadMemory at 0x1f5872461a0 of 60 bytes failed: Only part of a ReadProcessMemory or WriteProcessMemory request was completed. (0x12B)
[0421/212009.435:ERROR:process_memory_win.cc(73)] ReadMemory at 0x1f5872461f0 of 62 bytes failed: Only part of a ReadProcessMemory or WriteProcessMemory request was completed. (0x12B)
[0421/212009.435:ERROR:process_memory_win.cc(73)] ReadMemory at 0x1f587246290 of 62 bytes failed: Only part of a ReadProcessMemory or WriteProcessMemory request was completed. (0x12B)
[0421/212009.435:ERROR:process_memory_win.cc(73)] ReadMemory at 0x1f587246470 of 66 bytes failed: Only part of a ReadProcessMemory or WriteProcessMemory request was completed. (0x12B)
[0421/212009.435:ERROR:process_memory_win.cc(73)] ReadMemory at 0x1f5872465b0 of 62 bytes failed: Only part of a ReadProcessMemory or WriteProcessMemory request was completed. (0x12B)
[0421/212009.435:ERROR:process_memory_win.cc(73)] ReadMemory at 0x1f5872466a0 of 62 bytes failed: Only part of a ReadProcessMemory or WriteProcessMemory request was completed. (0x12B)
[0421/212009.435:ERROR:process_memory_win.cc(73)] ReadMemory at 0x1f5872466f0 of 64 bytes failed: Only part of a ReadProcessMemory or WriteProcessMemory request was completed. (0x12B)
[0421/212009.435:ERROR:process_memory_win.cc(73)] ReadMemory at 0x1f587246740 of 64 bytes failed: Only part of a ReadProcessMemory or WriteProcessMemory request was completed. (0x12B)
[0421/212009.435:ERROR:process_memory_win.cc(73)] ReadMemory at 0x1f587246790 of 62 bytes failed: Only part of a ReadProcessMemory or WriteProcessMemory request was completed. (0x12B)
[0421/212009.435:ERROR:process_memory_win.cc(73)] ReadMemory at 0x1f587246830 of 60 bytes failed: Only part of a ReadProcessMemory or WriteProcessMemory request was completed. (0x12B)
[0421/212009.435:ERROR:process_memory_win.cc(73)] ReadMemory at 0x1f587247fb0 of 132 bytes failed: Only part of a ReadProcessMemory or WriteProcessMemory request was completed. (0x12B)
[0421/212009.435:ERROR:process_memory_win.cc(73)] ReadMemory at 0x1f587249e60 of 132 bytes failed: Only part of a ReadProcessMemory or WriteProcessMemory request was completed. (0x12B)
[0421/212009.435:ERROR:process_memory_win.cc(73)] ReadMemory at 0x1f587263a70 of 512 bytes failed: Only part of a ReadProcessMemory or WriteProcessMemory request was completed. (0x12B)
[0421/212009.435:ERROR:process_memory_win.cc(73)] ReadMemory at 0x1f587264810 of 512 bytes failed: Only part of a ReadProcessMemory or WriteProcessMemory request was completed. (0x12B)
[0421/212009.435:ERROR:process_memory_win.cc(73)] ReadMemory at 0x1f5875e0d00 of 512 bytes failed: Only part of a ReadProcessMemory or WriteProcessMemory request was completed. (0x12B)
[0421/212009.436:ERROR:process_memory_win.cc(73)] ReadMemory at 0x1f5875e1d80 of 512 bytes failed: Only part of a ReadProcessMemory or WriteProcessMemory request was completed. (0x12B)
[0421/212009.436:ERROR:process_memory_win.cc(73)] ReadMemory at 0x1f58771ff80 of 512 bytes failed: Only part of a ReadProcessMemory or WriteProcessMemory request was completed. (0x12B)
[0421/212009.436:ERROR:process_memory_win.cc(73)] ReadMemory at 0x1f587826b80 of 512 bytes failed: Only part of a ReadProcessMemory or WriteProcessMemory request was completed. (0x12B)
[0421/212009.436:ERROR:process_memory_win.cc(73)] ReadMemory at 0x1f587832a28 of 512 bytes failed: Only part of a ReadProcessMemory or WriteProcessMemory request was completed. (0x12B)
[0421/212009.436:ERROR:process_memory_win.cc(73)] ReadMemory at 0x1f587835b60 of 512 bytes failed: Only part of a ReadProcessMemory or WriteProcessMemory request was completed. (0x12B)
[0421/212009.436:ERROR:process_memory_win.cc(73)] ReadMemory at 0x1f58783c2c0 of 512 bytes failed: Only part of a ReadProcessMemory or WriteProcessMemory request was completed. (0x12B)
[0421/212009.637:ERROR:process_memory_win.cc(73)] ReadMemory at 0x1f587856298 of 512 bytes failed: Only part of a ReadProcessMemory or WriteProcessMemory request was completed. (0x12B)
[0421/212009.720:ERROR:process_memory_win.cc(73)] ReadMemory at 0x1f5878572e8 of 944 bytes failed: Only part of a ReadProcessMemory or WriteProcessMemory request was completed. (0x12B)
[0421/212009.720:ERROR:process_memory_win.cc(73)] ReadMemory at 0x1f58785f960 of 800 bytes failed: Only part of a ReadProcessMemory or WriteProcessMemory request was completed. (0x12B)
[0421/212009.720:ERROR:process_memory_win.cc(73)] ReadMemory at 0x1f587867270 of 512 bytes failed: Only part of a ReadProcessMemory or WriteProcessMemory request was completed. (0x12B)
[0421/212009.720:ERROR:process_memory_win.cc(73)] ReadMemory at 0x1f5896d1d00 of 512 bytes failed: Only part of a ReadProcessMemory or WriteProcessMemory request was completed. (0x12B)
[0421/212009.720:ERROR:process_memory_win.cc(73)] ReadMemory at 0x1f5896e91f0 of 512 bytes failed: Only part of a ReadProcessMemory or WriteProcessMemory request was completed. (0x12B)
[0421/212009.720:ERROR:process_memory_win.cc(73)] ReadMemory at 0x1f58972b160 of 512 bytes failed: Only part of a ReadProcessMemory or WriteProcessMemory request was completed. (0x12B)
[0421/212009.721:ERROR:process_memory_win.cc(73)] ReadMemory at 0x1f589737448 of 512 bytes failed: Only part of a ReadProcessMemory or WriteProcessMemory request was completed. (0x12B)
[0421/212009.721:ERROR:process_memory_win.cc(73)] ReadMemory at 0x1f589ecc320 of 512 bytes failed: Only part of a ReadProcessMemory or WriteProcessMemory request was completed. (0x12B)
[0421/212009.721:ERROR:process_memory_win.cc(73)] ReadMemory at 0x1f58b5cef10 of 512 bytes failed: Only part of a ReadProcessMemory or WriteProcessMemory request was completed. (0x12B)
[0421/212009.721:ERROR:process_memory_win.cc(73)] ReadMemory at 0x1f58b5e2aa0 of 512 bytes failed: Only part of a ReadProcessMemory or WriteProcessMemory request was completed. (0x12B)
[0421/212009.721:ERROR:process_memory_win.cc(73)] ReadMemory at 0x1f58d0f3890 of 512 bytes failed: Only part of a ReadProcessMemory or WriteProcessMemory request was completed. (0x12B)
[0421/212009.721:ERROR:process_memory_win.cc(73)] ReadMemory at 0x1f58d0f4290 of 512 bytes failed: Only part of a ReadProcessMemory or WriteProcessMemory request was completed. (0x12B)
[0421/212009.721:ERROR:process_memory_win.cc(73)] ReadMemory at 0x1f58d623070 of 512 bytes failed: Only part of a ReadProcessMemory or WriteProcessMemory request was completed. (0x12B)
[0421/212009.721:ERROR:process_memory_win.cc(73)] ReadMemory at 0x1f58e504614 of 512 bytes failed: Only part of a ReadProcessMemory or WriteProcessMemory request was completed. (0x12B)
[0421/212009.721:ERROR:process_memory_win.cc(73)] ReadMemory at 0x1f58f4721b0 of 768 bytes failed: Only part of a ReadProcessMemory or WriteProcessMemory request was completed. (0x12B)
[0421/212009.722:ERROR:process_memory_win.cc(73)] ReadMemory at 0x1f5901abe81 of 512 bytes failed: Only part of a ReadProcessMemory or WriteProcessMemory request was completed. (0x12B)
[0421/212009.722:ERROR:process_memory_win.cc(73)] ReadMemory at 0x1f59068d7c0 of 512 bytes failed: Only part of a ReadProcessMemory or WriteProcessMemory request was completed. (0x12B)
[0421/212009.722:ERROR:process_memory_win.cc(73)] ReadMemory at 0x1f5915f45a0 of 512 bytes failed: Only part of a ReadProcessMemory or WriteProcessMemory request was completed. (0x12B)
[0421/212009.722:ERROR:process_memory_win.cc(73)] ReadMemory at 0x1f591880fa0 of 512 bytes failed: Only part of a ReadProcessMemory or WriteProcessMemory request was completed. (0x12B)
[0421/212009.722:ERROR:process_memory_win.cc(73)] ReadMemory at 0x7ffe034d4aa5 of 512 bytes failed: Only part of a ReadProcessMemory or WriteProcessMemory request was completed. (0x12B)
[0421/212009.722:ERROR:process_memory_win.cc(73)] ReadMemory at 0x7ffe57e87a8d of 512 bytes failed: Only part of a ReadProcessMemory or WriteProcessMemory request was completed. (0x12B)
[0421/212009.722:ERROR:process_memory_win.cc(73)] ReadMemory at 0x7ffe57e88285 of 512 bytes failed: Only part of a ReadProcessMemory or WriteProcessMemory request was completed. (0x12B)
[0421/212009.722:ERROR:process_memory_win.cc(73)] ReadMemory at 0x7ffe70adc0c4 of 672 bytes failed: Only part of a ReadProcessMemory or WriteProcessMemory request was completed. (0x12B)
[0421/212009.722:ERROR:process_memory_win.cc(73)] ReadMemory at 0x7ffe70adf974 of 608 bytes failed: Only part of a ReadProcessMemory or WriteProcessMemory request was completed. (0x12B)
[0421/212009.722:ERROR:process_memory_win.cc(73)] ReadMemory at 0x7ffe70b6c428 of 18 bytes failed: Only part of a ReadProcessMemory or WriteProcessMemory request was completed. (0x12B)
[0421/212009.723:ERROR:process_memory_win.cc(73)] ReadMemory at 0x7ffe70b9f4f8 of 40 bytes failed: Only part of a ReadProcessMemory or WriteProcessMemory request was completed. (0x12B)
[0421/212009.723:ERROR:process_memory_win.cc(73)] ReadMemory at 0x7ffe70b9f978 of 48 bytes failed: Only part of a ReadProcessMemory or WriteProcessMemory request was completed. (0x12B)
[0421/212009.723:ERROR:process_memory_win.cc(73)] ReadMemory at 0x7ffe70ba53c0 of 64 bytes failed: Only part of a ReadProcessMemory or WriteProcessMemory request was completed. (0x12B)
[0421/212009.743:ERROR:scoped_process_suspend.cc(40)] NtResumeProcess: An attempt was made to access an exiting process. (0xc000010a)
